[0mGET /api/shipments [33m404[0m 2.690 ms - 152[0m
[0mGET /api/shipments [32m200[0m 4.629 ms - 26[0m
[0mPOST /api/shipments [33m403[0m 5.230 ms - 32[0m
[0mPOST /api/register [32m201[0m 84.209 ms - 221[0m
[0mPOST /api/shipments [33m403[0m 0.489 ms - 32[0m
[0mPOST /api/login [32m200[0m 71.530 ms - 200[0m
[0mPOST /api/shipments [33m403[0m 0.362 ms - 32[0m
[0mPOST /api/shipments [32m201[0m 3.096 ms - 248[0m
[0mGET /api/shipments [32m200[0m 1.221 ms - 251[0m
[0mPOST /api/shipments [32m201[0m 2.321 ms - 248[0m
[0mPOST /api/shipments [32m201[0m 2.221 ms - 248[0m
[0mPUT /api/shipments/3 [33m404[0m 2.140 ms - 56[0m
[0mGET /api/shipments [32m200[0m 4.447 ms - 26[0m
[0mPOST /api/register [32m201[0m 91.052 ms - 221[0m
[0mPOST /api/login [32m200[0m 69.353 ms - 200[0m
[0mGET /api/shipments [32m200[0m 4.458 ms - 26[0m
[0mPOST /api/register [32m201[0m 108.647 ms - 221[0m
[0mPOST /api/login [32m200[0m 69.100 ms - 200[0m
[0mPOST /api/shipments [32m201[0m 8.505 ms - 248[0m
[0mPOST /api/shipments [32m201[0m 53.181 ms - 248[0m
[0mPOST /api/shipments [33m400[0m 15.235 ms - 61[0m
[0mGET /api/shipments [32m200[0m 1.891 ms - 477[0m
[0mPUT /api/shipments [33m404[0m 1.141 ms - 152[0m
[0mPUT /api/shipments/2 [32m200[0m 12.968 ms - 46[0m
[0mGET /api/shipments [32m200[0m 1.246 ms - 475[0m
[0mDELETE /api/shipments/2 [32m200[0m 41.952 ms - 46[0m
[0mGET /api/shipments [32m200[0m 2.879 ms - 3727[0m
